<?xml version="1.0" encoding="UTF-8"?>
<!-- Generated by org.testng.reporters.JUnitReportReporter -->
<testsuite hostname="DESKTOP-977SKQS" failures="0" tests="1" name="com.uitests.UITest" time="22.291" errors="0" timestamp="2022-08-23T12:35:55 IST" skipped="0">
  <testcase classname="com.uitests.UITest" name="startBrowser" time="22.291"/>
  <system-out/>
</testsuite> <!-- com.uitests.UITest -->
